<?xml version="1.0" encoding="UTF-8"?>
<!-- Generated by org.testng.reporters.JUnitReportReporter -->
<testsuite hostname="Raja-Amar" failures="0" tests="1" name="driverFactory.DriverScript" time="28.459" errors="0" timestamp="2023-04-20T23:11:54 IST" skipped="0">
  <testcase classname="driverFactory.DriverScript" name="startTest" time="28.459"/>
  <system-out>
    <![CDATA[No of rows in TCSheet::9     No of rows in TSSheet::34
Login Success::AdminFlow    http://primusbank.qedgetech.com/adminflow.aspx
Employee Updation Failed::Updation Failure Due to Some Constraints
Logout Success::]]>
  </system-out>
</testsuite> <!-- driverFactory.DriverScript -->
